<?xml version="1.0" encoding="UTF-8"?>
<testsuite xmlns:xsi="http://www.w3.org/2001/XMLSchema-instance" xsi:noNamespaceSchemaLocation="https://maven.apache.org/surefire/maven-surefire-plugin/xsd/surefire-test-report.xsd" name="com.MedicalHistory.services.impl.UserServiceImplTest" time="0.084" tests="5" errors="0" skipped="0" failures="0">
  <properties>
[...]
</properties>
  <testcase name="getAllUsers" classname="com.MedicalHistory.services.impl.UserServiceImplTest" time="0.084"/>
  <testcase name="findByEmail" classname="com.MedicalHistory.services.impl.UserServiceImplTest" time="0"/>
  <testcase name="getUserById" classname="com.MedicalHistory.services.impl.UserServiceImplTest" time="0"/>
  <testcase name="getAdmin" classname="com.MedicalHistory.services.impl.UserServiceImplTest" time="0"/>
  <testcase name="getUsers" classname="com.MedicalHistory.services.impl.UserServiceImplTest" time="0"/>
</testsuite>